{
  "stats": {
    "suites": 1,
    "tests": 5,
    "passes": 5,
    "pending": 0,
    "failures": 0,
    "start": "2022-05-24T06:00:25.476Z",
    "end": "2022-05-24T06:00:34.759Z",
    "duration": 9283,
    "testsRegistered": 5,
    "passPercent": 100,
    "pendingPercent": 0,
    "other": 0,
    "hasOther": false,
    "skipped": 0,
    "hasSkipped": false
  },
  "results": [
    {
      "uuid": "b643042e-c324-42ba-b148-e9df79a87e9f",
      "title": "",
      "fullFile": "cypress/tests/createUser.spec.js",
      "file": "cypress/tests/createUser.spec.js",
      "beforeHooks": [],
      "afterHooks": [],
      "tests": [],
      "suites": [
        {
          "uuid": "62f2ddad-a258-420f-b637-22aa3eb63313",
          "title": "Teste Técnico - Analista QA",
          "fullFile": "",
          "file": "",
          "beforeHooks": [],
          "afterHooks": [],
          "tests": [
            {
              "title": "Quando eu não inserir dados e clicar no botão Cadastrar, então devo verificar as mensagens de campos obrigatorio",
              "fullTitle": "Teste Técnico - Analista QA Quando eu não inserir dados e clicar no botão Cadastrar, então devo verificar as mensagens de campos obrigatorio",
              "timedOut": null,
              "duration": 2627,
              "state": "passed",
              "speed": "fast",
              "pass": true,
              "fail": false,
              "pending": false,
              "context": null,
              "code": "_components.default.naoInserirDados();",
              "err": {},
              "uuid": "40c69364-48f4-4903-bc06-2cecd720c591",
              "parentUUID": "62f2ddad-a258-420f-b637-22aa3eb63313",
              "isHook": false,
              "skipped": false
            },
            {
              "title": "Quando eu não inserir email corretamente e clicar no botão Cadastrar, então devo verificar a mensagem no campo de email",
              "fullTitle": "Teste Técnico - Analista QA Quando eu não inserir email corretamente e clicar no botão Cadastrar, então devo verificar a mensagem no campo de email",
              "timedOut": null,
              "duration": 935,
              "state": "passed",
              "speed": "fast",
              "pass": true,
              "fail": false,
              "pending": false,
              "context": null,
              "code": "_components.default.verficaCampoEmail();",
              "err": {},
              "uuid": "98acb67b-0fba-455e-8509-e46e5cb20060",
              "parentUUID": "62f2ddad-a258-420f-b637-22aa3eb63313",
              "isHook": false,
              "skipped": false
            },
            {
              "title": "Quando eu inserir os dados corretamente e finalizar o cadastro, então meu cadastro deve aparecer no formulario",
              "fullTitle": "Teste Técnico - Analista QA Quando eu inserir os dados corretamente e finalizar o cadastro, então meu cadastro deve aparecer no formulario",
              "timedOut": null,
              "duration": 2163,
              "state": "passed",
              "speed": "fast",
              "pass": true,
              "fail": false,
              "pending": false,
              "context": null,
              "code": "_components.default.inserirDadosSucesso();",
              "err": {},
              "uuid": "2d5e8925-7c25-45a2-91e3-87b268df9a05",
              "parentUUID": "62f2ddad-a258-420f-b637-22aa3eb63313",
              "isHook": false,
              "skipped": false
            },
            {
              "title": "Quando eu inserir os dados corretamente devo editar e verificar a mensagem",
              "fullTitle": "Teste Técnico - Analista QA Quando eu inserir os dados corretamente devo editar e verificar a mensagem",
              "timedOut": null,
              "duration": 2341,
              "state": "passed",
              "speed": "fast",
              "pass": true,
              "fail": false,
              "pending": false,
              "context": null,
              "code": "_components.default.editarNome();",
              "err": {},
              "uuid": "4f7724a0-2491-423a-a42b-5f8ebb8cd731",
              "parentUUID": "62f2ddad-a258-420f-b637-22aa3eb63313",
              "isHook": false,
              "skipped": false
            },
            {
              "title": "Quando eu editar e salvar o formulario então devo apagar meu Registro",
              "fullTitle": "Teste Técnico - Analista QA Quando eu editar e salvar o formulario então devo apagar meu Registro",
              "timedOut": null,
              "duration": 1075,
              "state": "passed",
              "speed": "fast",
              "pass": true,
              "fail": false,
              "pending": false,
              "context": null,
              "code": "_components.default.apagarFor();",
              "err": {},
              "uuid": "8e877e13-6800-4f60-959a-6a1e47d75466",
              "parentUUID": "62f2ddad-a258-420f-b637-22aa3eb63313",
              "isHook": false,
              "skipped": false
            }
          ],
          "suites": [],
          "passes": [
            "40c69364-48f4-4903-bc06-2cecd720c591",
            "98acb67b-0fba-455e-8509-e46e5cb20060",
            "2d5e8925-7c25-45a2-91e3-87b268df9a05",
            "4f7724a0-2491-423a-a42b-5f8ebb8cd731",
            "8e877e13-6800-4f60-959a-6a1e47d75466"
          ],
          "failures": [],
          "pending": [],
          "skipped": [],
          "duration": 9141,
          "root": false,
          "rootEmpty": false,
          "_timeout": 2000
        }
      ],
      "passes": [],
      "failures": [],
      "pending": [],
      "skipped": [],
      "duration": 0,
      "root": true,
      "rootEmpty": true,
      "_timeout": 2000
    }
  ],
  "meta": {
    "mocha": {
      "version": "7.0.1"
    },
    "mochawesome": {
      "options": {
        "quiet": true,
        "reportFilename": "mochawesome",
        "saveHtml": false,
        "saveJson": true,
        "consoleReporter": "spec",
        "useInlineDiffs": false,
        "code": true
      },
      "version": "7.1.3"
    },
    "marge": {
      "options": {
        "id": "default",
        "reportDir": "mochawesome-report",
        "quiet": true,
        "overwrite": false,
        "html": false,
        "json": true
      },
      "version": "6.2.0"
    }
  }
}