{
  "stats": {
    "suites": 1,
    "tests": 5,
    "passes": 3,
    "pending": 0,
    "failures": 2,
    "start": "2022-05-25T15:34:03.690Z",
    "end": "2022-05-25T15:34:21.462Z",
    "duration": 17772,
    "testsRegistered": 5,
    "passPercent": 60,
    "pendingPercent": 0,
    "other": 0,
    "hasOther": false,
    "skipped": 0,
    "hasSkipped": false
  },
  "results": [
    {
      "uuid": "6a6f035c-a6e3-488c-8233-449a6e0957c3",
      "title": "",
      "fullFile": "cypress/tests/createUser.spec.js",
      "file": "cypress/tests/createUser.spec.js",
      "beforeHooks": [],
      "afterHooks": [],
      "tests": [],
      "suites": [
        {
          "uuid": "c19d984b-90a4-49f7-b292-b015493056ce",
          "title": "Teste Técnico - Analista QA",
          "fullFile": "",
          "file": "",
          "beforeHooks": [],
          "afterHooks": [],
          "tests": [
            {
              "title": "Quando eu não inserir dados e clicar no botão Cadastrar, então devo verificar as mensagens de campos obrigatorio",
              "fullTitle": "Teste Técnico - Analista QA Quando eu não inserir dados e clicar no botão Cadastrar, então devo verificar as mensagens de campos obrigatorio",
              "timedOut": null,
              "duration": 3250,
              "state": "passed",
              "speed": "fast",
              "pass": true,
              "fail": false,
              "pending": false,
              "context": null,
              "code": "_components.default.naoInserirDados();",
              "err": {},
              "uuid": "ca32f451-1913-4a61-83e3-813dbe2de682",
              "parentUUID": "c19d984b-90a4-49f7-b292-b015493056ce",
              "isHook": false,
              "skipped": false
            },
            {
              "title": "Quando eu não inserir email corretamente e clicar no botão Cadastrar, então devo verificar a mensagem no campo de email",
              "fullTitle": "Teste Técnico - Analista QA Quando eu não inserir email corretamente e clicar no botão Cadastrar, então devo verificar a mensagem no campo de email",
              "timedOut": null,
              "duration": 1304,
              "state": "passed",
              "speed": "fast",
              "pass": true,
              "fail": false,
              "pending": false,
              "context": null,
              "code": "_components.default.verficaCampoEmail();",
              "err": {},
              "uuid": "38e330d9-0110-4fbc-abfe-21e82b552872",
              "parentUUID": "c19d984b-90a4-49f7-b292-b015493056ce",
              "isHook": false,
              "skipped": false
            },
            {
              "title": "Quando eu inserir os dados corretamente e finalizar o cadastro, então meu cadastro deve aparecer no formulario",
              "fullTitle": "Teste Técnico - Analista QA Quando eu inserir os dados corretamente e finalizar o cadastro, então meu cadastro deve aparecer no formulario",
              "timedOut": null,
              "duration": 2216,
              "state": "passed",
              "speed": "fast",
              "pass": true,
              "fail": false,
              "pending": false,
              "context": null,
              "code": "_components.default.inserirDadosSucesso();",
              "err": {},
              "uuid": "2f1f0c42-22e6-45bb-a17d-0bf30dad7ccc",
              "parentUUID": "c19d984b-90a4-49f7-b292-b015493056ce",
              "isHook": false,
              "skipped": false
            },
            {
              "title": "Quando eu inserir os dados corretamente devo editar e verificar a mensagem",
              "fullTitle": "Teste Técnico - Analista QA Quando eu inserir os dados corretamente devo editar e verificar a mensagem",
              "timedOut": null,
              "duration": 5627,
              "state": "failed",
              "speed": null,
              "pass": false,
              "fail": true,
              "pending": false,
              "context": null,
              "code": "_components.default.editarNome();",
              "err": {
                "message": "CypressError: Timed out retrying after 4100ms: `cy.click()` failed because this element is not visible:\n\n`<input type=\"text\" maxlength=\"255\" id=\"e_name445\" name=\"e_name\" class=\"form-control\" value=\"M T\">`\n\nThis element `<input#e_name445.form-control>` is not visible because its parent `<div#modalEdit445.modal>` has CSS property: `display: none`\n\nFix this problem, or use `{force: true}` to disable error checking.\n\nhttps://on.cypress.io/element-cannot-be-interacted-with",
                "estack": "CypressError: Timed out retrying after 4100ms: `cy.click()` failed because this element is not visible:\n\n`<input type=\"text\" maxlength=\"255\" id=\"e_name445\" name=\"e_name\" class=\"form-control\" value=\"M T\">`\n\nThis element `<input#e_name445.form-control>` is not visible because its parent `<div#modalEdit445.modal>` has CSS property: `display: none`\n\nFix this problem, or use `{force: true}` to disable error checking.\n\nhttps://on.cypress.io/element-cannot-be-interacted-with\n    at runVisibilityCheck (https://qa-test.ticto.io/__cypress/runner/cypress_runner.js:168736:76)\n    at $Cy.ensureStrictVisibility (https://qa-test.ticto.io/__cypress/runner/cypress_runner.js:168752:12)\n    at runAllChecks (https://qa-test.ticto.io/__cypress/runner/cypress_runner.js:154700:14)\n    at retryActionability (https://qa-test.ticto.io/__cypress/runner/cypress_runner.js:154755:16)\n    at tryCatcher (https://qa-test.ticto.io/__cypress/runner/cypress_runner.js:13022:23)\n    at Function.Promise.attempt.Promise.try (https://qa-test.ticto.io/__cypress/runner/cypress_runner.js:10296:29)\n    at whenStable (https://qa-test.ticto.io/__cypress/runner/cypress_runner.js:173835:65)\n    at https://qa-test.ticto.io/__cypress/runner/cypress_runner.js:173290:14\n    at tryCatcher (https://qa-test.ticto.io/__cypress/runner/cypress_runner.js:13022:23)\n    at Promise._settlePromiseFromHandler (https://qa-test.ticto.io/__cypress/runner/cypress_runner.js:10957:31)\n    at Promise._settlePromise (https://qa-test.ticto.io/__cypress/runner/cypress_runner.js:11014:18)\n    at Promise._settlePromise0 (https://qa-test.ticto.io/__cypress/runner/cypress_runner.js:11059:10)\n    at Promise._settlePromises (https://qa-test.ticto.io/__cypress/runner/cypress_runner.js:11139:18)\n    at Promise._fulfill (https://qa-test.ticto.io/__cypress/runner/cypress_runner.js:11083:18)\n    at https://qa-test.ticto.io/__cypress/runner/cypress_runner.js:12697:46\nFrom Your Spec Code:\n    at Write.editarNome (https://qa-test.ticto.io/__cypress/tests?p=cypress/tests/createUser.spec.js:188:30)\n    at Context.eval (https://qa-test.ticto.io/__cypress/tests?p=cypress/tests/createUser.spec.js:254:25)",
                "diff": null
              },
              "uuid": "95352f8b-8db3-4e96-ae84-02e53a7c247d",
              "parentUUID": "c19d984b-90a4-49f7-b292-b015493056ce",
              "isHook": false,
              "skipped": false
            },
            {
              "title": "Quando eu editar e salvar o formulario então devo apagar meu Registro",
              "fullTitle": "Teste Técnico - Analista QA Quando eu editar e salvar o formulario então devo apagar meu Registro",
              "timedOut": null,
              "duration": 4971,
              "state": "failed",
              "speed": null,
              "pass": false,
              "fail": true,
              "pending": false,
              "context": null,
              "code": "_components.default.apagarFor();",
              "err": {
                "message": "AssertionError: Timed out retrying after 4000ms: Expected to find content: 'M TS' within the element: [ <td.text-truncate>, 5 more... ] but never did.",
                "estack": "AssertionError: Timed out retrying after 4000ms: Expected to find content: 'M TS' within the element: [ <td.text-truncate>, 5 more... ] but never did.\n    at Write.apagarFor (https://qa-test.ticto.io/__cypress/tests?p=cypress/tests/createUser.spec.js:205:32)\n    at Context.eval (https://qa-test.ticto.io/__cypress/tests?p=cypress/tests/createUser.spec.js:257:25)",
                "diff": null
              },
              "uuid": "90e46cb3-2245-4912-b123-347fe0abc5c0",
              "parentUUID": "c19d984b-90a4-49f7-b292-b015493056ce",
              "isHook": false,
              "skipped": false
            }
          ],
          "suites": [],
          "passes": [
            "ca32f451-1913-4a61-83e3-813dbe2de682",
            "38e330d9-0110-4fbc-abfe-21e82b552872",
            "2f1f0c42-22e6-45bb-a17d-0bf30dad7ccc"
          ],
          "failures": [
            "95352f8b-8db3-4e96-ae84-02e53a7c247d",
            "90e46cb3-2245-4912-b123-347fe0abc5c0"
          ],
          "pending": [],
          "skipped": [],
          "duration": 17368,
          "root": false,
          "rootEmpty": false,
          "_timeout": 2000
        }
      ],
      "passes": [],
      "failures": [],
      "pending": [],
      "skipped": [],
      "duration": 0,
      "root": true,
      "rootEmpty": true,
      "_timeout": 2000
    }
  ],
  "meta": {
    "mocha": {
      "version": "7.0.1"
    },
    "mochawesome": {
      "options": {
        "quiet": true,
        "reportFilename": "mochawesome",
        "saveHtml": false,
        "saveJson": true,
        "consoleReporter": "spec",
        "useInlineDiffs": false,
        "code": true
      },
      "version": "7.1.3"
    },
    "marge": {
      "options": {
        "id": "default",
        "reportDir": "mochawesome-report",
        "quiet": true,
        "overwrite": false,
        "html": false,
        "json": true
      },
      "version": "6.2.0"
    }
  }
}